<?xml version="1.0" encoding="UTF-8"?>
<!-- Generated by org.testng.reporters.JUnitXMLReporter -->
<testsuite ignored="1" hostname="DESKTOP-I0F3F42" failures="1" tests="7" name="Test" time="0.249" errors="0" timestamp="2022-06-24T19:08:12 IST">
  <testcase classname="com.sn.test.pages.JustToCheckSetup" name="fTestTwo" time="0.014"/>
  <testcase classname="com.sn.test.pages.JustToCheckSetup" name="fTestThree" time="0.007">
    <failure type="java.lang.AssertionError" message="expected [Test] but found [test]">
      <![CDATA[java.lang.AssertionError: expected [Test] but found [test]
at com.sn.test.pages.JustToCheckSetup.fTestThree(JustToCheckSetup.java:31)
at java.base/java.util.ArrayList.forEach(ArrayList.java:1511)
... Removed 33 stack frames]]>
    </failure>
  </testcase> <!-- fTestThree -->
  <testcase classname="com.sn.test.pages.JustToCheckSetup" name="fTestFour" time="0.005"/>
  <testcase classname="com.sn.test.pages.SecondTestClass" name="fTestOne" time="0.003"/>
  <testcase classname="com.sn.test.pages.SecondTestClass" name="fTestTwo" time="0.002"/>
  <testcase classname="com.sn.test.pages.SecondTestClass" name="fTestThree" time="0.002"/>
  <testcase classname="com.sn.test.pages.SecondTestClass" name="fTestFour" time="0.008"/>
  <testcase classname="com.sn.test.pages.JustToCheckSetup" name="fTestOne" time="0.0">
    <ignored/>
  </testcase> <!-- fTestOne -->
</testsuite> <!-- Test -->
